TN:
SF:./src/swaggerClient.js
FN:7,(anonymous_1)
FN:10,(anonymous_2)
FN:15,(anonymous_3)
FN:18,requestHandler
FN:29,(anonymous_5)
FN:34,(anonymous_6)
FNF:6
FNH:6
FNDA:3,(anonymous_1)
FNDA:3,(anonymous_2)
FNDA:3,(anonymous_3)
FNDA:2,requestHandler
FNDA:1,(anonymous_5)
FNDA:3,(anonymous_6)
DA:3,1
DA:6,1
DA:8,3
DA:10,3
DA:11,3
DA:12,3
DA:15,3
DA:16,3
DA:18,1
DA:19,2
DA:20,1
DA:21,1
DA:24,1
DA:30,1
DA:34,3
DA:35,3
DA:38,3
DA:41,3
LF:18
LH:18
BRDA:11,1,0,0
BRDA:11,1,1,3
BRDA:11,2,0,3
BRDA:11,2,1,3
BRDA:19,3,0,1
BRDA:19,3,1,1
BRF:6
BRH:5
end_of_record
