{
"./src/swaggerClient.js":{"path":"./src/swaggerClient.js","s":{"1":1,"2":1,"3":3,"4":3,"5":3,"6":0,"7":3,"8":3,"9":3,"10":1,"11":2,"12":1,"13":1,"14":1,"15":1,"16":3,"17":3,"18":3,"19":3},"b":{"1":[0,3],"2":[3,3],"3":[1,1]},"f":{"1":3,"2":3,"3":3,"4":2,"5":1,"6":3},"fnMap":{"1":{"name":"(anonymous_1)","line":7,"loc":{"start":{"line":7,"column":29},"end":{"line":7,"column":39}}},"2":{"name":"(anonymous_2)","line":10,"loc":{"start":{"line":10,"column":15},"end":{"line":10,"column":40}}},"3":{"name":"(anonymous_3)","line":15,"loc":{"start":{"line":15,"column":16},"end":{"line":15,"column":41}}},"4":{"name":"requestHandler","line":18,"loc":{"start":{"line":18,"column":6},"end":{"line":18,"column":45}}},"5":{"name":"(anonymous_5)","line":29,"loc":{"start":{"line":29,"column":16},"end":{"line":29,"column":34}}},"6":{"name":"(anonymous_6)","line":34,"loc":{"start":{"line":34,"column":35},"end":{"line":34,"column":49}}}},"statementMap":{"1":{"start":{"line":3,"column":0},"end":{"line":3,"column":111}},"2":{"start":{"line":6,"column":0},"end":{"line":42,"column":5}},"3":{"start":{"line":8,"column":4},"end":{"line":8,"column":21}},"4":{"start":{"line":10,"column":4},"end":{"line":13,"column":6}},"5":{"start":{"line":11,"column":6},"end":{"line":11,"column":37}},"6":{"start":{"line":11,"column":30},"end":{"line":11,"column":37}},"7":{"start":{"line":12,"column":6},"end":{"line":12,"column":32}},"8":{"start":{"line":15,"column":4},"end":{"line":39,"column":6}},"9":{"start":{"line":16,"column":6},"end":{"line":16,"column":19}},"10":{"start":{"line":18,"column":6},"end":{"line":32,"column":7}},"11":{"start":{"line":19,"column":8},"end":{"line":22,"column":9}},"12":{"start":{"line":20,"column":10},"end":{"line":20,"column":28}},"13":{"start":{"line":21,"column":10},"end":{"line":21,"column":34}},"14":{"start":{"line":24,"column":8},"end":{"line":31,"column":11}},"15":{"start":{"line":30,"column":10},"end":{"line":30,"column":31}},"16":{"start":{"line":34,"column":6},"end":{"line":36,"column":9}},"17":{"start":{"line":35,"column":8},"end":{"line":35,"column":67}},"18":{"start":{"line":38,"column":6},"end":{"line":38,"column":17}},"19":{"start":{"line":41,"column":4},"end":{"line":41,"column":16}}},"branchMap":{"1":{"line":11,"type":"if","locations":[{"start":{"line":11,"column":6},"end":{"line":11,"column":6}},{"start":{"line":11,"column":6},"end":{"line":11,"column":6}}]},"2":{"line":11,"type":"binary-expr","locations":[{"start":{"line":11,"column":9},"end":{"line":11,"column":14}},{"start":{"line":11,"column":18},"end":{"line":11,"column":28}}]},"3":{"line":19,"type":"if","locations":[{"start":{"line":19,"column":8},"end":{"line":19,"column":8}},{"start":{"line":19,"column":8},"end":{"line":19,"column":8}}]}},"l":{"3":1,"6":1,"8":3,"10":3,"11":3,"12":3,"15":3,"16":3,"18":1,"19":2,"20":1,"21":1,"24":1,"30":1,"34":3,"35":3,"38":3,"41":3}}}
